  dxManager.cpp
  c:\program files (x86)\microsoft directx sdk (june 2010)\include\dinput.h: DIRECTINPUT_VERSION undefined. Defaulting to version 0x0800
  Sprite.cpp
  c:\program files (x86)\microsoft directx sdk (june 2010)\include\dinput.h: DIRECTINPUT_VERSION undefined. Defaulting to version 0x0800
  MovableObject.cpp
  c:\program files (x86)\microsoft directx sdk (june 2010)\include\dinput.h: DIRECTINPUT_VERSION undefined. Defaulting to version 0x0800
c:\users\razor\desktop\castlevania\castlevania\movableobject.cpp(13): warning C4305: '=': truncation from 'double' to 'float'
c:\users\razor\desktop\castlevania\castlevania\movableobject.cpp(14): warning C4305: '=': truncation from 'double' to 'float'
c:\users\razor\desktop\castlevania\castlevania\movableobject.cpp(61): warning C4244: '=': conversion from 'int' to 'float', possible loss of data
c:\users\razor\desktop\castlevania\castlevania\movableobject.cpp(62): warning C4244: '=': conversion from 'int' to 'float', possible loss of data
c:\users\razor\desktop\castlevania\castlevania\movableobject.cpp(87): warning C4244: '+=': conversion from 'float' to 'int', possible loss of data
c:\users\razor\desktop\castlevania\castlevania\movableobject.cpp(88): warning C4244: '+=': conversion from 'float' to 'int', possible loss of data
  Keyboard.cpp
  c:\program files (x86)\microsoft directx sdk (june 2010)\include\dinput.h: DIRECTINPUT_VERSION undefined. Defaulting to version 0x0800
  Collision.cpp
c:\users\razor\desktop\castlevania\castlevania\collision.cpp(12): warning C4244: '=': conversion from 'float' to 'int', possible loss of data
c:\users\razor\desktop\castlevania\castlevania\collision.cpp(13): warning C4244: '=': conversion from 'float' to 'int', possible loss of data
c:\users\razor\desktop\castlevania\castlevania\collision.cpp(14): warning C4244: '=': conversion from 'float' to 'int', possible loss of data
c:\users\razor\desktop\castlevania\castlevania\collision.cpp(15): warning C4244: '=': conversion from 'float' to 'int', possible loss of data
c:\users\razor\desktop\castlevania\castlevania\collision.cpp(27): warning C4244: '=': conversion from 'int' to 'float', possible loss of data
c:\users\razor\desktop\castlevania\castlevania\collision.cpp(28): warning C4244: '=': conversion from 'int' to 'float', possible loss of data
c:\users\razor\desktop\castlevania\castlevania\collision.cpp(32): warning C4244: '=': conversion from 'int' to 'float', possible loss of data
c:\users\razor\desktop\castlevania\castlevania\collision.cpp(33): warning C4244: '=': conversion from 'int' to 'float', possible loss of data
c:\users\razor\desktop\castlevania\castlevania\collision.cpp(38): warning C4244: '=': conversion from 'int' to 'float', possible loss of data
c:\users\razor\desktop\castlevania\castlevania\collision.cpp(39): warning C4244: '=': conversion from 'int' to 'float', possible loss of data
c:\users\razor\desktop\castlevania\castlevania\collision.cpp(43): warning C4244: '=': conversion from 'int' to 'float', possible loss of data
c:\users\razor\desktop\castlevania\castlevania\collision.cpp(44): warning C4244: '=': conversion from 'int' to 'float', possible loss of data
c:\users\razor\desktop\castlevania\castlevania\collision.cpp(83): warning C4244: '=': conversion from 'float' to 'int', possible loss of data
c:\users\razor\desktop\castlevania\castlevania\collision.cpp(84): warning C4244: '=': conversion from 'float' to 'int', possible loss of data
c:\users\razor\desktop\castlevania\castlevania\collision.cpp(93): warning C4244: '=': conversion from 'float' to 'int', possible loss of data
c:\users\razor\desktop\castlevania\castlevania\collision.cpp(94): warning C4244: '=': conversion from 'float' to 'int', possible loss of data
c:\users\razor\desktop\castlevania\castlevania\collision.cpp(98): warning C4244: '=': conversion from 'float' to 'int', possible loss of data
c:\users\razor\desktop\castlevania\castlevania\collision.cpp(99): warning C4244: '=': conversion from 'float' to 'int', possible loss of data
c:\users\razor\desktop\castlevania\castlevania\collision.cpp(107): warning C4244: '=': conversion from 'float' to 'int', possible loss of data
c:\users\razor\desktop\castlevania\castlevania\collision.cpp(108): warning C4244: '=': conversion from 'float' to 'int', possible loss of data
c:\users\razor\desktop\castlevania\castlevania\collision.cpp(112): warning C4244: '=': conversion from 'float' to 'int', possible loss of data
c:\users\razor\desktop\castlevania\castlevania\collision.cpp(113): warning C4244: '=': conversion from 'float' to 'int', possible loss of data
c:\users\razor\desktop\castlevania\castlevania\collision.cpp(132): warning C4244: '=': conversion from 'int' to 'float', possible loss of data
c:\users\razor\desktop\castlevania\castlevania\collision.cpp(142): warning C4244: '=': conversion from 'int' to 'float', possible loss of data
c:\users\razor\desktop\castlevania\castlevania\collision.cpp(159): warning C4244: '=': conversion from 'int' to 'float', possible loss of data
c:\users\razor\desktop\castlevania\castlevania\collision.cpp(165): warning C4244: '=': conversion from 'int' to 'float', possible loss of data
c:\users\razor\desktop\castlevania\castlevania\collision.cpp(199): warning C4244: 'initializing': conversion from 'float' to 'int', possible loss of data
c:\users\razor\desktop\castlevania\castlevania\collision.cpp(228): warning C4244: '=': conversion from 'int' to 'float', possible loss of data
  Camera.cpp
c:\users\razor\desktop\castlevania\castlevania\camera.cpp(103): warning C4244: '+=': conversion from 'float' to 'int', possible loss of data
c:\users\razor\desktop\castlevania\castlevania\camera.cpp(104): warning C4244: '+=': conversion from 'float' to 'int', possible loss of data
  BaseObject.cpp
  Animation.cpp
  c:\program files (x86)\microsoft directx sdk (june 2010)\include\dinput.h: DIRECTINPUT_VERSION undefined. Defaulting to version 0x0800
c:\users\razor\desktop\castlevania\castlevania\animation.cpp(22): warning C4244: 'argument': conversion from 'int' to 'FLOAT', possible loss of data
c:\users\razor\desktop\castlevania\castlevania\animation.cpp(30): warning C4244: 'argument': conversion from 'int' to 'FLOAT', possible loss of data
c:\users\razor\desktop\castlevania\castlevania\animation.cpp(43): warning C4244: '=': conversion from 'int' to 'FLOAT', possible loss of data
c:\users\razor\desktop\castlevania\castlevania\animation.cpp(44): warning C4244: '=': conversion from 'int' to 'FLOAT', possible loss of data
c:\users\razor\desktop\castlevania\castlevania\animation.cpp(51): warning C4244: 'argument': conversion from 'FLOAT' to 'int', possible loss of data
  Generating Code...
  Compiling...
  StaticObject.cpp
  c:\program files (x86)\microsoft directx sdk (june 2010)\include\dinput.h: DIRECTINPUT_VERSION undefined. Defaulting to version 0x0800
  SpriteManager.cpp
  c:\program files (x86)\microsoft directx sdk (june 2010)\include\dinput.h: DIRECTINPUT_VERSION undefined. Defaulting to version 0x0800
  Quadtree.cpp
  c:\program files (x86)\microsoft directx sdk (june 2010)\include\dinput.h: DIRECTINPUT_VERSION undefined. Defaulting to version 0x0800
  QuadNode.cpp
  c:\program files (x86)\microsoft directx sdk (june 2010)\include\dinput.h: DIRECTINPUT_VERSION undefined. Defaulting to version 0x0800
  Map.cpp
  c:\program files (x86)\microsoft directx sdk (june 2010)\include\dinput.h: DIRECTINPUT_VERSION undefined. Defaulting to version 0x0800
c:\users\razor\desktop\castlevania\castlevania\map.cpp(147): warning C4018: '<': signed/unsigned mismatch
c:\users\razor\desktop\castlevania\castlevania\map.cpp(171): warning C4018: '<': signed/unsigned mismatch
  MainGame.cpp
  c:\program files (x86)\microsoft directx sdk (june 2010)\include\dinput.h: DIRECTINPUT_VERSION undefined. Defaulting to version 0x0800
  CastleVania.cpp
  c:\program files (x86)\microsoft directx sdk (june 2010)\include\dinput.h: DIRECTINPUT_VERSION undefined. Defaulting to version 0x0800
c:\users\razor\desktop\castlevania\castlevania\castlevania.cpp(94): warning C4101: 'b': unreferenced local variable
  Generating Code...
c:\users\razor\desktop\castlevania\castlevania\quadnode.cpp(54): warning C4715: 'QuadNode::GetChildNode': not all control paths return a value
  CastleVania.vcxproj -> C:\Users\Razor\Desktop\CastleVania\Debug\CastleVania.exe
  CastleVania.vcxproj -> C:\Users\Razor\Desktop\CastleVania\Debug\CastleVania.pdb (Partial PDB)
